<?xml version="1.0" encoding="UTF-8"?>
<testsuite name="com.example.DemoApplicationTests" tests="1" skipped="0" failures="0" errors="0" timestamp="2016-07-28T01:48:26" hostname="labs" time="0.001">
  <properties/>
  <testcase name="test" classname="com.example.DemoApplicationTests" time="0.001"/>
  <system-out><![CDATA[dummy test
]]></system-out>
  <system-err><![CDATA[]]></system-err>
</testsuite>
