<?xml version="1.0" encoding="UTF-8"?>
<testsuite name="com.example.DemoApplicationTests" tests="1" skipped="0" failures="0" errors="0" timestamp="2016-07-21T03:45:10" hostname="labs" time="0.002">
  <properties/>
  <testcase name="contextLoads" classname="com.example.DemoApplicationTests" time="0.002"/>
  <system-out><![CDATA[20:45:06.985 [Test worker] DEBUG org.springframework.test.context.junit4.SpringJUnit4ClassRunner - SpringJUnit4ClassRunner constructor called with [class com.example.DemoApplicationTests]
20:45:06.988 [Test worker] DEBUG org.springframework.test.context.BootstrapUtils - Instantiating CacheAwareContextLoaderDelegate from class [org.springframework.test.context.cache.DefaultCacheAwareContextLoaderDelegate]
20:45:06.992 [Test worker] DEBUG org.springframework.test.context.BootstrapUtils - Instantiating BootstrapContext using constructor [public org.springframework.test.context.support.DefaultBootstrapContext(java.lang.Class,org.springframework.test.context.CacheAwareContextLoaderDelegate)]
20:45:07.001 [Test worker] DEBUG org.springframework.test.context.BootstrapUtils - Instantiating TestContextBootstrapper for test class [com.example.DemoApplicationTests] from class [org.springframework.test.context.web.WebTestContextBootstrapper]
20:45:07.015 [Test worker] DEBUG org.springframework.test.context.web.WebTestContextBootstrapper - Found explicit ContextLoader class [org.springframework.boot.test.SpringApplicationContextLoader] for context configuration attributes [ContextConfigurationAttributes@2450297 declaringClass = 'com.example.DemoApplicationTests', classes = '{class com.example.DemoApplication}', locations = '{}', inheritLocations = true, initializers = '{}', inheritInitializers = true, name = [null], contextLoaderClass = 'org.springframework.boot.test.SpringApplicationContextLoader']
20:45:07.020 [Test worker] DEBUG org.springframework.test.context.support.AbstractContextLoader - Did not detect default resource location for test class [com.example.DemoApplicationTests]: class path resource [com/example/DemoApplicationTests-context.xml] does not exist
20:45:07.021 [Test worker] DEBUG org.springframework.test.context.support.AbstractContextLoader - Did not detect default resource location for test class [com.example.DemoApplicationTests]: class path resource [com/example/DemoApplicationTestsContext.groovy] does not exist
20:45:07.021 [Test worker] INFO org.springframework.test.context.support.AbstractContextLoader - Could not detect default resource locations for test class [com.example.DemoApplicationTests]: no resource found for suffixes {-context.xml, Context.groovy}.
20:45:07.022 [Test worker] DEBUG org.springframework.test.context.support.ActiveProfilesUtils - Could not find an 'annotation declaring class' for annotation type [org.springframework.test.context.ActiveProfiles] and class [com.example.DemoApplicationTests]
20:45:07.024 [Test worker] DEBUG org.springframework.test.context.web.WebTestContextBootstrapper - @TestExecutionListeners is not present for class [com.example.DemoApplicationTests]: using defaults.
20:45:07.030 [Test worker] INFO org.springframework.test.context.web.WebTestContextBootstrapper - Loaded default TestExecutionListener class names from location [META-INF/spring.factories]: [org.springframework.test.context.web.ServletTestExecutionListener, org.springframework.test.context.support.DirtiesContextBeforeModesTestExecutionListener, org.springframework.test.context.support.DependencyInjectionTestExecutionListener, org.springframework.test.context.support.DirtiesContextTestExecutionListener, org.springframework.test.context.transaction.TransactionalTestExecutionListener, org.springframework.test.context.jdbc.SqlScriptsTestExecutionListener]
20:45:07.042 [Test worker] INFO org.springframework.test.context.web.WebTestContextBootstrapper - Using TestExecutionListeners: [org.springframework.test.context.web.ServletTestExecutionListener@45ffd5b3, org.springframework.test.context.support.DirtiesContextBeforeModesTestExecutionListener@6821a5a4, org.springframework.test.context.support.DependencyInjectionTestExecutionListener@2c356096, org.springframework.test.context.support.DirtiesContextTestExecutionListener@34851dcc, org.springframework.test.context.transaction.TransactionalTestExecutionListener@fec04a2, org.springframework.test.context.jdbc.SqlScriptsTestExecutionListener@6a058c7e]
20:45:07.044 [Test worker] DEBUG org.springframework.test.annotation.ProfileValueUtils - Retrieved @ProfileValueSourceConfiguration [null] for test class [com.example.DemoApplicationTests]
20:45:07.044 [Test worker] DEBUG org.springframework.test.annotation.ProfileValueUtils - Retrieved ProfileValueSource type [class org.springframework.test.annotation.SystemProfileValueSource] for class [com.example.DemoApplicationTests]
20:45:07.045 [Test worker] DEBUG org.springframework.test.annotation.ProfileValueUtils - Retrieved @ProfileValueSourceConfiguration [null] for test class [com.example.DemoApplicationTests]
20:45:07.045 [Test worker] DEBUG org.springframework.test.annotation.ProfileValueUtils - Retrieved ProfileValueSource type [class org.springframework.test.annotation.SystemProfileValueSource] for class [com.example.DemoApplicationTests]
20:45:07.047 [Test worker] DEBUG org.springframework.test.context.support.AbstractDirtiesContextTestExecutionListener - Before test class: context [DefaultTestContext@427da07f testClass = DemoApplicationTests, testInstance = [null], testMethod = [null], testException = [null], mergedContextConfiguration = [WebMergedContextConfiguration@5ebcffd9 testClass = DemoApplicationTests, locations = '{}', classes = '{class com.example.DemoApplication}', contextInitializerClasses = '[]', activeProfiles = '{}', propertySourceLocations = '{}', propertySourceProperties = '{}', resourceBasePath = 'src/main/webapp', contextLoader = 'org.springframework.boot.test.SpringApplicationContextLoader', parent = [null]]], class annotated with @DirtiesContext [false] with mode [null].
20:45:07.048 [Test worker] DEBUG org.springframework.test.annotation.ProfileValueUtils - Retrieved @ProfileValueSourceConfiguration [null] for test class [com.example.DemoApplicationTests]
20:45:07.048 [Test worker] DEBUG org.springframework.test.annotation.ProfileValueUtils - Retrieved ProfileValueSource type [class org.springframework.test.annotation.SystemProfileValueSource] for class [com.example.DemoApplicationTests]
20:45:07.094 [Test worker] DEBUG org.springframework.core.env.StandardEnvironment - Adding [systemProperties] PropertySource with lowest search precedence
20:45:07.095 [Test worker] DEBUG org.springframework.core.env.StandardEnvironment - Adding [systemEnvironment] PropertySource with lowest search precedence
20:45:07.095 [Test worker] DEBUG org.springframework.core.env.StandardEnvironment - Initialized StandardEnvironment with PropertySources [systemProperties,systemEnvironment]
20:45:07.097 [Test worker] DEBUG org.springframework.core.env.StandardEnvironment - Adding [integrationTest] PropertySource with search precedence immediately lower than [systemEnvironment]

  .   ____          _            __ _ _
 /\\ / ___'_ __ _ _(_)_ __  __ _ \ \ \ \
( ( )\___ | '_ | '_| | '_ \/ _` | \ \ \ \
 \\/  ___)| |_)| | | | | || (_| |  ) ) ) )
  '  |____| .__|_| |_|_| |_\__, | / / / /
 =========|_|==============|___/=/_/_/_/
 :: Spring Boot ::        (v1.3.6.RELEASE)

2016-07-20 20:45:07.284  INFO 36952 --- [    Test worker] com.example.DemoApplicationTests         : Starting DemoApplicationTests on labs with PID 36952 (/Users/mbatth/apps/temp/demo/build/classes/test started by mbatth in /Users/mbatth/apps/temp/demo)
2016-07-20 20:45:07.285  INFO 36952 --- [    Test worker] com.example.DemoApplicationTests         : No active profile set, falling back to default profiles: default
2016-07-20 20:45:07.331  INFO 36952 --- [    Test worker] o.s.w.c.s.GenericWebApplicationContext   : Refreshing org.springframework.web.context.support.GenericWebApplicationContext@15ae7a8b: startup date [Wed Jul 20 20:45:07 PDT 2016]; root of context hierarchy
2016-07-20 20:45:07.820  INFO 36952 --- [    Test worker] o.s.b.f.config.PropertiesFactoryBean     : Loading properties file from URL [jar:file:/Users/mbatth/.gradle/caches/modules-2/files-2.1/org.springframework.integration/spring-integration-core/4.2.8.RELEASE/bc393c364be1c8efef6d3e32932cadb24fa97606/spring-integration-core-4.2.8.RELEASE.jar!/META-INF/spring.integration.default.properties]
2016-07-20 20:45:07.823  INFO 36952 --- [    Test worker] o.s.i.config.IntegrationRegistrar        : No bean named 'integrationHeaderChannelRegistry' has been explicitly defined. Therefore, a default DefaultHeaderChannelRegistry will be created.
2016-07-20 20:45:08.084  INFO 36952 --- [    Test worker] faultConfiguringBeanFactoryPostProcessor : No bean named 'errorChannel' has been explicitly defined. Therefore, a default PublishSubscribeChannel will be created.
2016-07-20 20:45:08.086  INFO 36952 --- [    Test worker] faultConfiguringBeanFactoryPostProcessor : No bean named 'taskScheduler' has been explicitly defined. Therefore, a default ThreadPoolTaskScheduler will be created.
2016-07-20 20:45:08.134  INFO 36952 --- [    Test worker] trationDelegate$BeanPostProcessorChecker : Bean 'org.springframework.cloud.stream.config.ChannelBindingServiceConfiguration$PostProcessorConfiguration' of type [class org.springframework.cloud.stream.config.ChannelBindingServiceConfiguration$PostProcessorConfiguration$$EnhancerBySpringCGLIB$$43296bae] is not eligible for getting processed by all BeanPostProcessors (for example: not eligible for auto-proxying)
2016-07-20 20:45:08.434  INFO 36952 --- [    Test worker] o.s.b.f.config.PropertiesFactoryBean     : Loading properties file from URL [jar:file:/Users/mbatth/.gradle/caches/modules-2/files-2.1/org.springframework.integration/spring-integration-core/4.2.8.RELEASE/bc393c364be1c8efef6d3e32932cadb24fa97606/spring-integration-core-4.2.8.RELEASE.jar!/META-INF/spring.integration.default.properties]
2016-07-20 20:45:08.557  INFO 36952 --- [    Test worker] o.s.s.c.ThreadPoolTaskScheduler          : Initializing ExecutorService  'taskScheduler'
2016-07-20 20:45:08.767  INFO 36952 --- [    Test worker] s.w.s.m.m.a.RequestMappingHandlerAdapter : Looking for @ControllerAdvice: org.springframework.web.context.support.GenericWebApplicationContext@15ae7a8b: startup date [Wed Jul 20 20:45:07 PDT 2016]; root of context hierarchy
2016-07-20 20:45:08.811  INFO 36952 --- [    Test worker] s.w.s.m.m.a.RequestMappingHandlerMapping : Mapped "{[/cars],methods=[POST],consumes=[application/json]}" onto public void com.example.CarController.saveCar(java.lang.String,java.lang.String)
2016-07-20 20:45:08.813  INFO 36952 --- [    Test worker] s.w.s.m.m.a.RequestMappingHandlerMapping : Mapped "{[/error]}" onto public org.springframework.http.ResponseEntity<java.util.Map<java.lang.String, java.lang.Object>> org.springframework.boot.autoconfigure.web.BasicErrorController.error(javax.servlet.http.HttpServletRequest)
2016-07-20 20:45:08.813  INFO 36952 --- [    Test worker] s.w.s.m.m.a.RequestMappingHandlerMapping : Mapped "{[/error],produces=[text/html]}" onto public org.springframework.web.servlet.ModelAndView org.springframework.boot.autoconfigure.web.BasicErrorController.errorHtml(javax.servlet.http.HttpServletRequest,javax.servlet.http.HttpServletResponse)
2016-07-20 20:45:08.836  INFO 36952 --- [    Test worker] o.s.w.s.handler.SimpleUrlHandlerMapping  : Mapped URL path [/webjars/**] onto handler of type [class org.springframework.web.servlet.resource.ResourceHttpRequestHandler]
2016-07-20 20:45:08.836  INFO 36952 --- [    Test worker] o.s.w.s.handler.SimpleUrlHandlerMapping  : Mapped URL path [/**] onto handler of type [class org.springframework.web.servlet.resource.ResourceHttpRequestHandler]
2016-07-20 20:45:08.863  INFO 36952 --- [    Test worker] o.s.w.s.handler.SimpleUrlHandlerMapping  : Mapped URL path [/**/favicon.ico] onto handler of type [class org.springframework.web.servlet.resource.ResourceHttpRequestHandler]
2016-07-20 20:45:09.108  INFO 36952 --- [    Test worker] o.s.b.a.e.mvc.EndpointHandlerMapping     : Mapped "{[/beans || /beans.json],methods=[GET],produces=[application/json]}" onto public java.lang.Object org.springframework.boot.actuate.endpoint.mvc.EndpointMvcAdapter.invoke()
2016-07-20 20:45:09.109  INFO 36952 --- [    Test worker] o.s.b.a.e.mvc.EndpointHandlerMapping     : Mapped "{[/metrics/{name:.*}],methods=[GET],produces=[application/json]}" onto public java.lang.Object org.springframework.boot.actuate.endpoint.mvc.MetricsMvcEndpoint.value(java.lang.String)
2016-07-20 20:45:09.109  INFO 36952 --- [    Test worker] o.s.b.a.e.mvc.EndpointHandlerMapping     : Mapped "{[/metrics || /metrics.json],methods=[GET],produces=[application/json]}" onto public java.lang.Object org.springframework.boot.actuate.endpoint.mvc.EndpointMvcAdapter.invoke()
2016-07-20 20:45:09.109  INFO 36952 --- [    Test worker] o.s.b.a.e.mvc.EndpointHandlerMapping     : Mapped "{[/info || /info.json],methods=[GET],produces=[application/json]}" onto public java.lang.Object org.springframework.boot.actuate.endpoint.mvc.EndpointMvcAdapter.invoke()
2016-07-20 20:45:09.110  INFO 36952 --- [    Test worker] o.s.b.a.e.mvc.EndpointHandlerMapping     : Mapped "{[/autoconfig || /autoconfig.json],methods=[GET],produces=[application/json]}" onto public java.lang.Object org.springframework.boot.actuate.endpoint.mvc.EndpointMvcAdapter.invoke()
2016-07-20 20:45:09.112  INFO 36952 --- [    Test worker] o.s.b.a.e.mvc.EndpointHandlerMapping     : Mapped "{[/mappings || /mappings.json],methods=[GET],produces=[application/json]}" onto public java.lang.Object org.springframework.boot.actuate.endpoint.mvc.EndpointMvcAdapter.invoke()
2016-07-20 20:45:09.112  INFO 36952 --- [    Test worker] o.s.b.a.e.mvc.EndpointHandlerMapping     : Mapped "{[/trace || /trace.json],methods=[GET],produces=[application/json]}" onto public java.lang.Object org.springframework.boot.actuate.endpoint.mvc.EndpointMvcAdapter.invoke()
2016-07-20 20:45:09.113  INFO 36952 --- [    Test worker] o.s.b.a.e.mvc.EndpointHandlerMapping     : Mapped "{[/dump || /dump.json],methods=[GET],produces=[application/json]}" onto public java.lang.Object org.springframework.boot.actuate.endpoint.mvc.EndpointMvcAdapter.invoke()
2016-07-20 20:45:09.114  INFO 36952 --- [    Test worker] o.s.b.a.e.mvc.EndpointHandlerMapping     : Mapped "{[/env/{name:.*}],methods=[GET],produces=[application/json]}" onto public java.lang.Object org.springframework.boot.actuate.endpoint.mvc.EnvironmentMvcEndpoint.value(java.lang.String)
2016-07-20 20:45:09.114  INFO 36952 --- [    Test worker] o.s.b.a.e.mvc.EndpointHandlerMapping     : Mapped "{[/env || /env.json],methods=[GET],produces=[application/json]}" onto public java.lang.Object org.springframework.boot.actuate.endpoint.mvc.EndpointMvcAdapter.invoke()
2016-07-20 20:45:09.114  INFO 36952 --- [    Test worker] o.s.b.a.e.mvc.EndpointHandlerMapping     : Mapped "{[/channels || /channels.json],methods=[GET],produces=[application/json]}" onto public java.lang.Object org.springframework.boot.actuate.endpoint.mvc.EndpointMvcAdapter.invoke()
2016-07-20 20:45:09.115  INFO 36952 --- [    Test worker] o.s.b.a.e.mvc.EndpointHandlerMapping     : Mapped "{[/configprops || /configprops.json],methods=[GET],produces=[application/json]}" onto public java.lang.Object org.springframework.boot.actuate.endpoint.mvc.EndpointMvcAdapter.invoke()
2016-07-20 20:45:09.115  INFO 36952 --- [    Test worker] o.s.b.a.e.mvc.EndpointHandlerMapping     : Mapped "{[/health || /health.json],produces=[application/json]}" onto public java.lang.Object org.springframework.boot.actuate.endpoint.mvc.HealthMvcEndpoint.invoke(java.security.Principal)
2016-07-20 20:45:09.209  INFO 36952 --- [    Test worker] o.s.i.codec.kryo.CompositeKryoRegistrar  : configured Kryo registration [40, java.io.File] with serializer org.springframework.integration.codec.kryo.FileSerializer
2016-07-20 20:45:09.276  INFO 36952 --- [    Test worker] o.s.c.support.DefaultLifecycleProcessor  : Starting beans in phase -2147483648
2016-07-20 20:45:09.276  INFO 36952 --- [    Test worker] o.s.i.endpoint.EventDrivenConsumer       : Adding {service-activator:carReceiver.loggerSink.serviceActivator} as a subscriber to the 'input' channel
2016-07-20 20:45:09.277  INFO 36952 --- [    Test worker] o.s.integration.channel.DirectChannel    : Channel 'application:-1.input' has 1 subscriber(s).
2016-07-20 20:45:09.277  INFO 36952 --- [    Test worker] o.s.i.endpoint.EventDrivenConsumer       : started carReceiver.loggerSink.serviceActivator
2016-07-20 20:45:09.277  INFO 36952 --- [    Test worker] o.s.c.support.DefaultLifecycleProcessor  : Starting beans in phase -2147482648
2016-07-20 20:45:09.307  INFO 36952 --- [    Test worker] o.s.boot.SpringApplication               : No active profile set, falling back to default profiles: default
2016-07-20 20:45:09.309  INFO 36952 --- [    Test worker] s.c.a.AnnotationConfigApplicationContext : Refreshing org.springframework.context.annotation.AnnotationConfigApplicationContext@607cac28: startup date [Wed Jul 20 20:45:09 PDT 2016]; parent: org.springframework.web.context.support.GenericWebApplicationContext@15ae7a8b
2016-07-20 20:45:09.419  INFO 36952 --- [    Test worker] o.s.boot.SpringApplication               : Started application in 0.131 seconds (JVM running for 2.896)
2016-07-20 20:45:09.439  INFO 36952 --- [    Test worker] o.s.c.s.b.k.KafkaMessageChannelBinder    : Using kafka topic for outbound: autos
2016-07-20 20:45:09.448  INFO 36952 --- [-localhost:2181] org.I0Itec.zkclient.ZkEventThread        : Starting ZkClient event thread.
2016-07-20 20:45:09.536  INFO 36952 --- [    Test worker] org.apache.zookeeper.ZooKeeper           : Client environment:zookeeper.version=3.4.6-1569965, built on 02/20/2014 09:09 GMT
2016-07-20 20:45:09.536  INFO 36952 --- [    Test worker] org.apache.zookeeper.ZooKeeper           : Client environment:host.name=10.0.0.143
2016-07-20 20:45:09.537  INFO 36952 --- [    Test worker] org.apache.zookeeper.ZooKeeper           : Client environment:java.version=1.8.0_91
2016-07-20 20:45:09.537  INFO 36952 --- [    Test worker] org.apache.zookeeper.ZooKeeper           : Client environment:java.vendor=Oracle Corporation
2016-07-20 20:45:09.537  INFO 36952 --- [    Test worker] org.apache.zookeeper.ZooKeeper           : Client environment:java.home=/Library/Java/JavaVirtualMachines/jdk1.8.0_91.jdk/Contents/Home/jre
2016-07-20 20:45:09.537  INFO 36952 --- [    Test worker] org.apache.zookeeper.ZooKeeper           : Client environment:java.class.path=/Users/mbatth/apps/temp/demo/build/classes/test:/Users/mbatth/apps/temp/demo/build/resources/test:/Users/mbatth/apps/temp/demo/build/classes/main:/Users/mbatth/apps/temp/demo/build/resources/main:/Users/mbatth/.gradle/caches/modules-2/files-2.1/org.springframework.cloud/spring-cloud-starter-stream-kafka/1.0.2.RELEASE/3d2ccbfe60f93ec634159e39c9694ac7ba3f23ec/spring-cloud-starter-stream-kafka-1.0.2.RELEASE.jar:/Users/mbatth/.gradle/caches/modules-2/files-2.1/org.springframework.boot/spring-boot-starter-web/1.3.6.RELEASE/11ba900b5b21ce547bd902c0021d88c33b9608c2/spring-boot-starter-web-1.3.6.RELEASE.jar:/Users/mbatth/.gradle/caches/modules-2/files-2.1/org.springframework.boot/spring-boot-configuration-processor/1.3.6.RELEASE/956188b65fab7265aa9cfae65f3803c623900606/spring-boot-configuration-processor-1.3.6.RELEASE.jar:/Users/mbatth/.gradle/caches/modules-2/files-2.1/org.springframework.cloud/spring-cloud-stream/1.0.2.RELEASE/2f839828dfab2fdb69b353decdf78043df399885/spring-cloud-stream-1.0.2.RELEASE.jar:/Users/mbatth/.gradle/caches/modules-2/files-2.1/org.springframework.boot/spring-boot-starter-test/1.3.6.RELEASE/40f7d3f1b736b974e93f53b12c941f686a372ccd/spring-boot-starter-test-1.3.6.RELEASE.jar:/Users/mbatth/.gradle/caches/modules-2/files-2.1/org.springframework.cloud/spring-cloud-stream-binder-kafka/1.0.2.RELEASE/5566233cc235fa99b3a6f87fd2f29a57c47bae3/spring-cloud-stream-binder-kafka-1.0.2.RELEASE.jar:/Users/mbatth/.gradle/caches/modules-2/files-2.1/org.springframework.boot/spring-boot-starter-actuator/1.3.6.RELEASE/fea30b6b68e33d58b1022260ced5170b2146c748/spring-boot-starter-actuator-1.3.6.RELEASE.jar:/Users/mbatth/.gradle/caches/modules-2/files-2.1/org.springframework.integration/spring-integration-jmx/4.2.8.RELEASE/8d61c9033f925efacb15ce3072333bd57d35d60e/spring-integration-jmx-4.2.8.RELEASE.jar:/Users/mbatth/.gradle/caches/modules-2/files-2.1/org.springframework.boot/spring-boot-starter/1.3.6.RELEASE/eb4181e48cbe0edab189b114e63c18593b23b77d/spring-boot-starter-1.3.6.RELEASE.jar:/Users/mbatth/.gradle/caches/modules-2/files-2.1/org.springframework.boot/spring-boot-starter-tomcat/1.3.6.RELEASE/89ad451d9847c1ae55f32cfb20f2de16e81a80e5/spring-boot-starter-tomcat-1.3.6.RELEASE.jar:/Users/mbatth/.gradle/caches/modules-2/files-2.1/org.springframework.boot/spring-boot-starter-validation/1.3.6.RELEASE/a5bdd9fe7c9f510353ce01db3de4759c719c8d82/spring-boot-starter-validation-1.3.6.RELEASE.jar:/Users/mbatth/.gradle/caches/modules-2/files-2.1/com.fasterxml.jackson.core/jackson-databind/2.6.7/1857f49ee9dffe1c8d17d4c3980e0d713af2806/jackson-databind-2.6.7.jar:/Users/mbatth/.gradle/caches/modules-2/files-2.1/org.springframework/spring-web/4.2.7.RELEASE/ff3ac136a3cc9103eeab648ab32a9001a831038d/spring-web-4.2.7.RELEASE.jar:/Users/mbatth/.gradle/caches/modules-2/files-2.1/org.springframework/spring-webmvc/4.2.7.RELEASE/713f63ac5971bd09f019aac0db1fb44c5693ca7/spring-webmvc-4.2.7.RELEASE.jar:/Users/mbatth/.gradle/caches/modules-2/files-2.1/org.json/json/20140107/d1ffca6e2482b002702c6a576166fd685e3370e3/json-20140107.jar:/Users/mbatth/.gradle/caches/modules-2/files-2.1/org.springframework/spring-core/4.2.7.RELEASE/3d08f6f68e0654bf4be50559aec4218334189583/spring-core-4.2.7.RELEASE.jar:/Users/mbatth/.gradle/caches/modules-2/files-2.1/org.springframework/spring-messaging/4.2.7.RELEASE/4f7e68dd042d281d831841db7af37f085679ab7b/spring-messaging-4.2.7.RELEASE.jar:/Users/mbatth/.gradle/caches/modules-2/files-2.1/org.springframework.integration/spring-integration-core/4.2.8.RELEASE/bc393c364be1c8efef6d3e32932cadb24fa97606/spring-integration-core-4.2.8.RELEASE.jar:/Users/mbatth/.gradle/caches/modules-2/files-2.1/org.springframework/spring-tuple/1.0.0.RELEASE/5feaacebc66a885e9f2017063586df2300ce5c68/spring-tuple-1.0.0.RELEASE.jar:/Users/mbatth/.gradle/caches/modules-2/files-2.1/org.springframework.integration/spring-integration-tuple/1.0.0.RELEASE/4ac09adb2ab6857604784b3e61ef02bcdc974928/spring-integration-tuple-1.0.0.RELEASE.jar:/Users/mbatth/.gradle/caches/modules-2/files-2.1/org.springframework.retry/spring-retry/1.1.2.RELEASE/949a23beb82ebe31d7a1d47022353b8338c4da11/spring-retry-1.1.2.RELEASE.jar:/Users/mbatth/.gradle/caches/modules-2/files-2.1/junit/junit/4.12/2973d150c0dc1fefe998f834810d68f278ea58ec/junit-4.12.jar:/Users/mbatth/.gradle/caches/modules-2/files-2.1/org.mockito/mockito-core/1.10.19/e8546f5bef4e061d8dd73895b4e8f40e3fe6effe/mockito-core-1.10.19.jar:/Users/mbatth/.gradle/caches/modules-2/files-2.1/org.hamcrest/hamcrest-core/1.3/42a25dc3219429f0e5d060061f71acb49bf010a0/hamcrest-core-1.3.jar:/Users/mbatth/.gradle/caches/modules-2/files-2.1/org.hamcrest/hamcrest-library/1.3/4785a3c21320980282f9f33d0d1264a69040538f/hamcrest-library-1.3.jar:/Users/mbatth/.gradle/caches/modules-2/files-2.1/org.springframework/spring-test/4.2.7.RELEASE/fdc494c1888dba0bc8e5a4c33f413cf1dea44e2d/spring-test-4.2.7.RELEASE.jar:/Users/mbatth/.gradle/caches/modules-2/files-2.1/org.springframework.cloud/spring-cloud-stream-codec/1.0.2.RELEASE/669f9b7b27c184d825977fc2367a9269f1577aa7/spring-cloud-stream-codec-1.0.2.RELEASE.jar:/Users/mbatth/.gradle/caches/modules-2/files-2.1/org.springframework.integration/spring-integration-kafka/1.3.1.RELEASE/d963a550b7b84921c89f186060153ec2770c4823/spring-integration-kafka-1.3.1.RELEASE.jar:/Users/mbatth/.gradle/caches/modules-2/files-2.1/org.apache.kafka/kafka_2.10/0.8.2.2/74fb031ad168f243ee511610846c69ea49a8a91b/kafka_2.10-0.8.2.2.jar:/Users/mbatth/.gradle/caches/modules-2/files-2.1/org.apache.kafka/kafka-clients/0.8.2.2/a4903cb5fe087be183a50f6c2b08483cff1e8444/kafka-clients-0.8.2.2.jar:/Users/mbatth/.gradle/caches/modules-2/files-2.1/io.reactivex/rxjava/1.1.5/ece7b5d0870e66d8226dab6dcf47a2b12afff061/rxjava-1.1.5.jar:/Users/mbatth/.gradle/caches/modules-2/files-2.1/io.reactivex/rxjava-math/1.0.0/5efd0e3928c33c74bbc05d7425e3a4652b8fc0dc/rxjava-math-1.0.0.jar:/Users/mbatth/.gradle/caches/modules-2/files-2.1/org.springframework.boot/spring-boot-starter-logging/1.3.6.RELEASE/194dc550f6d3b17067641085b6fd3d1c217202fd/spring-boot-starter-logging-1.3.6.RELEASE.jar:/Users/mbatth/.gradle/caches/modules-2/files-2.1/org.springframework.boot/spring-boot-actuator/1.3.6.RELEASE/eaffe2d9dcf1306eccfcc6a80f1555abee0adc95/spring-boot-actuator-1.3.6.RELEASE.jar:/Users/mbatth/.gradle/caches/modules-2/files-2.1/org.springframework.boot/spring-boot/1.3.6.RELEASE/535e6024988998f891f1f9df403e804c093df06b/spring-boot-1.3.6.RELEASE.jar:/Users/mbatth/.gradle/caches/modules-2/files-2.1/org.springframework.boot/spring-boot-autoconfigure/1.3.6.RELEASE/6cb3cc449960a537768b7060c3eab9ebb6a07773/spring-boot-autoconfigure-1.3.6.RELEASE.jar:/Users/mbatth/.gradle/caches/modules-2/files-2.1/org.yaml/snakeyaml/1.16/d64fb662c9e42789149f5078a62a22edda786c6a/snakeyaml-1.16.jar:/Users/mbatth/.gradle/caches/modules-2/files-2.1/org.apache.tomcat.embed/tomcat-embed-core/8.0.36/de87fa65671daad59773c8280eeabbd335f42c/tomcat-embed-core-8.0.36.jar:/Users/mbatth/.gradle/caches/modules-2/files-2.1/org.apache.tomcat.embed/tomcat-embed-el/8.0.36/afe18071fd9a8bfd63d053fedb18d113619e420e/tomcat-embed-el-8.0.36.jar:/Users/mbatth/.gradle/caches/modules-2/files-2.1/org.apache.tomcat.embed/tomcat-embed-logging-juli/8.0.36/dd90324b18cddda9e4dc3690f0e4fbe902d180f7/tomcat-embed-logging-juli-8.0.36.jar:/Users/mbatth/.gradle/caches/modules-2/files-2.1/org.apache.tomcat.embed/tomcat-embed-websocket/8.0.36/f93339e9870f4797e28c23760c03d184dea3bab5/tomcat-embed-websocket-8.0.36.jar:/Users/mbatth/.gradle/caches/modules-2/files-2.1/org.hibernate/hibernate-validator/5.2.4.Final/fb18766b576aa6632bcfe9a20a023cbd52bf9769/hibernate-validator-5.2.4.Final.jar:/Users/mbatth/.gradle/caches/modules-2/files-2.1/com.fasterxml.jackson.core/jackson-annotations/2.6.7/7e08eafe72cbd11c955d92109108bd2bfaab979e/jackson-annotations-2.6.7.jar:/Users/mbatth/.gradle/caches/modules-2/files-2.1/com.fasterxml.jackson.core/jackson-core/2.6.7/81838e08d5e10e33cdee7299f9682d836b78c63e/jackson-core-2.6.7.jar:/Users/mbatth/.gradle/caches/modules-2/files-2.1/org.springframework/spring-aop/4.2.7.RELEASE/bd65f97ba61fd3dcc0b74765d3fa388aeb388aa7/spring-aop-4.2.7.RELEASE.jar:/Users/mbatth/.gradle/caches/modules-2/files-2.1/org.springframework/spring-beans/4.2.7.RELEASE/ae0501728c0ee072e25cb5e11b63b883c0786b4b/spring-beans-4.2.7.RELEASE.jar:/Users/mbatth/.gradle/caches/modules-2/files-2.1/org.springframework/spring-context/4.2.7.RELEASE/289f2906943827d37de89240dbac8fe4b315a838/spring-context-4.2.7.RELEASE.jar:/Users/mbatth/.gradle/caches/modules-2/files-2.1/org.springframework/spring-expression/4.2.7.RELEASE/547b8e02f5e219f6c8c8f84675d0cd7a8a6e92cf/spring-expression-4.2.7.RELEASE.jar:/Users/mbatth/.gradle/caches/modules-2/files-2.1/org.springframework/spring-tx/4.2.7.RELEASE/c6db53cd8393e212b5239a1ad7a6aa0ca83d6b71/spring-tx-4.2.7.RELEASE.jar:/Users/mbatth/.gradle/caches/modules-2/files-2.1/com.esotericsoftware/kryo-shaded/3.0.3/977d6b42d82de551fcf77dad84ef06c2839e3a74/kryo-shaded-3.0.3.jar:/Users/mbatth/.gradle/caches/modules-2/files-2.1/org.objenesis/objenesis/2.1/87c0ea803b69252868d09308b4618f766f135a96/objenesis-2.1.jar:/Users/mbatth/.gradle/caches/modules-2/files-2.1/io.projectreactor/reactor-core/2.0.8.RELEASE/c39f1a80fcc6e92a527d162186fb57833b1dfc3b/reactor-core-2.0.8.RELEASE.jar:/Users/mbatth/.gradle/caches/modules-2/files-2.1/com.goldmansachs/gs-collections/5.0.0/a0de1abeb508fdc29d1c07d4511cfba2961e5cf8/gs-collections-5.0.0.jar:/Users/mbatth/.gradle/caches/modules-2/files-2.1/com.yammer.metrics/metrics-core/2.2.0/f82c035cfa786d3cbec362c38c22a5f5b1bc8724/metrics-core-2.2.0.jar:/Users/mbatth/.gradle/caches/modules-2/files-2.1/org.scala-lang/scala-library/2.10.4/9aae4cb1802537d604e03688cab744ff47b31a7d/scala-library-2.10.4.jar:/Users/mbatth/.gradle/caches/modules-2/files-2.1/org.apache.zookeeper/zookeeper/3.4.6/1b2502e29da1ebaade2357cd1de35a855fa3755/zookeeper-3.4.6.jar:/Users/mbatth/.gradle/caches/modules-2/files-2.1/net.sf.jopt-simple/jopt-simple/3.2/d625f12ba08083c8c16dcedd5396ec730e9e77ab/jopt-simple-3.2.jar:/Users/mbatth/.gradle/caches/modules-2/files-2.1/com.101tec/zkclient/0.3/dedcf2b53fb742adba7080ac3aed781694ba616e/zkclient-0.3.jar:/Users/mbatth/.gradle/caches/modules-2/files-2.1/org.slf4j/slf4j-api/1.7.21/139535a69a4239db087de9bab0bee568bf8e0b70/slf4j-api-1.7.21.jar:/Users/mbatth/.gradle/caches/modules-2/files-2.1/org.xerial.snappy/snappy-java/1.1.1.7/33b6965e9364145972035c30a45a996aad2bf789/snappy-java-1.1.1.7.jar:/Users/mbatth/.gradle/caches/modules-2/files-2.1/net.jpountz.lz4/lz4/1.2.0/cd301e9a481eae5b68c53267100aeca43b782b9f/lz4-1.2.0.jar:/Users/mbatth/.gradle/caches/modules-2/files-2.1/ch.qos.logback/logback-classic/1.1.7/9865cf6994f9ff13fce0bf93f2054ef6c65bb462/logback-classic-1.1.7.jar:/Users/mbatth/.gradle/caches/modules-2/files-2.1/org.slf4j/jcl-over-slf4j/1.7.21/331b564a3a42f002a0004b039c1c430da89062cd/jcl-over-slf4j-1.7.21.jar:/Users/mbatth/.gradle/caches/modules-2/files-2.1/org.slf4j/jul-to-slf4j/1.7.21/2f22c882ffa479d1e9ff4eb0e8e2c29f2a0871ed/jul-to-slf4j-1.7.21.jar:/Users/mbatth/.gradle/caches/modules-2/files-2.1/org.slf4j/log4j-over-slf4j/1.7.21/b3700d97464d99bdcd42c0177d6e7951c94d75ff/log4j-over-slf4j-1.7.21.jar:/Users/mbatth/.gradle/caches/modules-2/files-2.1/com.yammer.metrics/metrics-annotation/2.2.0/62962b54c490a95c0bb255fa93b0ddd6cc36dd4b/metrics-annotation-2.2.0.jar:/Users/mbatth/.gradle/caches/modules-2/files-2.1/javax.validation/validation-api/1.1.0.Final/8613ae82954779d518631e05daa73a6a954817d5/validation-api-1.1.0.Final.jar:/Users/mbatth/.gradle/caches/modules-2/files-2.1/org.jboss.logging/jboss-logging/3.3.0.Final/3616bb87707910296e2c195dc016287080bba5af/jboss-logging-3.3.0.Final.jar:/Users/mbatth/.gradle/caches/modules-2/files-2.1/com.fasterxml/classmate/1.1.0/dbbd699a1486ad0f2ed6f5af6cfed66acacb9056/classmate-1.1.0.jar:/Users/mbatth/.gradle/caches/modules-2/files-2.1/aopalliance/aopalliance/1.0/235ba8b489512805ac13a8f9ea77a1ca5ebe3e8/aopalliance-1.0.jar:/Users/mbatth/.gradle/caches/modules-2/files-2.1/com.esotericsoftware/minlog/1.3.0/ff07b5f1b01d2f92bb00a337f9a94873712f0827/minlog-1.3.0.jar:/Users/mbatth/.gradle/caches/modules-2/files-2.1/org.reactivestreams/reactive-streams/1.0.0/14b8c877d98005ba3941c9257cfe09f6ed0e0d74/reactive-streams-1.0.0.jar:/Users/mbatth/.gradle/caches/modules-2/files-2.1/com.goldmansachs/gs-collections-api/5.0.0/674425dd8496f8bfb2b6ccc49feb36807c817f37/gs-collections-api-5.0.0.jar:/Users/mbatth/.gradle/caches/modules-2/files-2.1/jline/jline/0.9.94/99a18e9a44834afdebc467294e1138364c207402/jline-0.9.94.jar:/Users/mbatth/.gradle/caches/modules-2/files-2.1/io.netty/netty/3.7.0.Final/7a8c35599c68c0bf383df74469aa3e03d9aca87/netty-3.7.0.Final.jar:/Users/mbatth/.gradle/caches/modules-2/files-2.1/ch.qos.logback/logback-core/1.1.7/7873092d39ef741575ca91378a6a21c388363ac8/logback-core-1.1.7.jar
2016-07-20 20:45:09.538  INFO 36952 --- [    Test worker] org.apache.zookeeper.ZooKeeper           : Client environment:java.library.path=/Users/mbatth/Library/Java/Extensions:/Library/Java/Extensions:/Network/Library/Java/Extensions:/System/Library/Java/Extensions:/usr/lib/java:.
2016-07-20 20:45:09.538  INFO 36952 --- [    Test worker] org.apache.zookeeper.ZooKeeper           : Client environment:java.io.tmpdir=/var/folders/zl/4ydr07cx1474l2jkxmy2d8mm0000gp/T/
2016-07-20 20:45:09.538  INFO 36952 --- [    Test worker] org.apache.zookeeper.ZooKeeper           : Client environment:java.compiler=<NA>
2016-07-20 20:45:09.538  INFO 36952 --- [    Test worker] org.apache.zookeeper.ZooKeeper           : Client environment:os.name=Mac OS X
2016-07-20 20:45:09.538  INFO 36952 --- [    Test worker] org.apache.zookeeper.ZooKeeper           : Client environment:os.arch=x86_64
2016-07-20 20:45:09.538  INFO 36952 --- [    Test worker] org.apache.zookeeper.ZooKeeper           : Client environment:os.version=10.11.5
2016-07-20 20:45:09.538  INFO 36952 --- [    Test worker] org.apache.zookeeper.ZooKeeper           : Client environment:user.name=mbatth
2016-07-20 20:45:09.538  INFO 36952 --- [    Test worker] org.apache.zookeeper.ZooKeeper           : Client environment:user.home=/Users/mbatth
2016-07-20 20:45:09.538  INFO 36952 --- [    Test worker] org.apache.zookeeper.ZooKeeper           : Client environment:user.dir=/Users/mbatth/apps/temp/demo
2016-07-20 20:45:09.539  INFO 36952 --- [    Test worker] org.apache.zookeeper.ZooKeeper           : Initiating client connection, connectString=localhost:2181 sessionTimeout=10000 watcher=org.I0Itec.zkclient.ZkClient@38cd885c
2016-07-20 20:45:09.551  INFO 36952 --- [localhost:2181)] org.apache.zookeeper.ClientCnxn          : Opening socket connection to server localhost/0:0:0:0:0:0:0:1:2181. Will not attempt to authenticate using SASL (unknown error)
2016-07-20 20:45:09.555  INFO 36952 --- [localhost:2181)] org.apache.zookeeper.ClientCnxn          : Socket connection established to localhost/0:0:0:0:0:0:0:1:2181, initiating session
2016-07-20 20:45:09.561  INFO 36952 --- [localhost:2181)] org.apache.zookeeper.ClientCnxn          : Session establishment complete on server localhost/0:0:0:0:0:0:0:1:2181, sessionid = 0x1560a75239700db, negotiated timeout = 10000
2016-07-20 20:45:09.562  INFO 36952 --- [ker-EventThread] org.I0Itec.zkclient.ZkClient             : zookeeper state changed (SyncConnected)
2016-07-20 20:45:09.905  INFO 36952 --- [    Test worker] org.apache.zookeeper.ZooKeeper           : Initiating client connection, connectString=localhost:2181 sessionTimeout=6000 watcher=org.I0Itec.zkclient.ZkClient@575c396b
2016-07-20 20:45:09.905  INFO 36952 --- [-localhost:2181] org.I0Itec.zkclient.ZkEventThread        : Starting ZkClient event thread.
2016-07-20 20:45:09.907  INFO 36952 --- [localhost:2181)] org.apache.zookeeper.ClientCnxn          : Opening socket connection to server localhost/127.0.0.1:2181. Will not attempt to authenticate using SASL (unknown error)
2016-07-20 20:45:09.907  INFO 36952 --- [localhost:2181)] org.apache.zookeeper.ClientCnxn          : Socket connection established to localhost/127.0.0.1:2181, initiating session
2016-07-20 20:45:09.910  INFO 36952 --- [localhost:2181)] org.apache.zookeeper.ClientCnxn          : Session establishment complete on server localhost/127.0.0.1:2181, sessionid = 0x1560a75239700dc, negotiated timeout = 6000
2016-07-20 20:45:09.910  INFO 36952 --- [ker-EventThread] org.I0Itec.zkclient.ZkClient             : zookeeper state changed (SyncConnected)
2016-07-20 20:45:09.959  INFO 36952 --- [-localhost:2181] org.I0Itec.zkclient.ZkEventThread        : Terminate ZkClient event thread.
2016-07-20 20:45:09.961  INFO 36952 --- [    Test worker] org.apache.zookeeper.ZooKeeper           : Session: 0x1560a75239700dc closed
2016-07-20 20:45:09.961  INFO 36952 --- [ker-EventThread] org.apache.zookeeper.ClientCnxn          : EventThread shut down
2016-07-20 20:45:09.982  INFO 36952 --- [    Test worker] kafka.utils.VerifiableProperties         : Verifying properties
2016-07-20 20:45:09.984  INFO 36952 --- [    Test worker] kafka.utils.VerifiableProperties         : Property client.id is overridden to groupid
2016-07-20 20:45:09.984  INFO 36952 --- [    Test worker] kafka.utils.VerifiableProperties         : Property metadata.broker.list is overridden to 10.0.0.143:9092,10.0.0.143:9093
2016-07-20 20:45:09.984  INFO 36952 --- [    Test worker] kafka.utils.VerifiableProperties         : Property request.timeout.ms is overridden to 10000
2016-07-20 20:45:10.012  INFO 36952 --- [    Test worker] kafka.client.ClientUtils$                : Fetching metadata from broker id:1,host:10.0.0.143,port:9093 with correlation id 0 for 1 topic(s) Set(autos)
2016-07-20 20:45:10.014  INFO 36952 --- [    Test worker] kafka.producer.SyncProducer              : Connected to 10.0.0.143:9093 for producing
2016-07-20 20:45:10.025  INFO 36952 --- [    Test worker] kafka.producer.SyncProducer              : Disconnecting from 10.0.0.143:9093
2016-07-20 20:45:10.036  INFO 36952 --- [-localhost:2181] org.I0Itec.zkclient.ZkEventThread        : Terminate ZkClient event thread.
2016-07-20 20:45:10.037  INFO 36952 --- [    Test worker] org.apache.zookeeper.ZooKeeper           : Session: 0x1560a75239700db closed
2016-07-20 20:45:10.037  INFO 36952 --- [ker-EventThread] org.apache.zookeeper.ClientCnxn          : EventThread shut down
2016-07-20 20:45:10.039  INFO 36952 --- [    Test worker] o.s.i.kafka.support.ProducerFactoryBean  : Using producer properties => {bootstrap.servers=localhost:9092,localhost:9093, linger.ms=0, acks=1, compression.type=none, batch.size=16384}
2016-07-20 20:45:10.044  INFO 36952 --- [    Test worker] o.a.k.clients.producer.ProducerConfig    : ProducerConfig values: 
	compression.type = none
	metric.reporters = []
	metadata.max.age.ms = 300000
	metadata.fetch.timeout.ms = 60000
	acks = 1
	batch.size = 16384
	reconnect.backoff.ms = 10
	bootstrap.servers = [localhost:9092, localhost:9093]
	receive.buffer.bytes = 32768
	retry.backoff.ms = 100
	buffer.memory = 33554432
	timeout.ms = 30000
	key.serializer = class org.apache.kafka.common.serialization.ByteArraySerializer
	retries = 0
	max.request.size = 1048576
	block.on.buffer.full = true
	value.serializer = class org.apache.kafka.common.serialization.ByteArraySerializer
	metrics.sample.window.ms = 30000
	send.buffer.bytes = 131072
	max.in.flight.requests.per.connection = 5
	metrics.num.samples = 2
	linger.ms = 0
	client.id = 

2016-07-20 20:45:10.061  WARN 36952 --- [    Test worker] o.a.k.clients.producer.ProducerConfig    : The configuration value.serializer = class org.apache.kafka.common.serialization.ByteArraySerializer was supplied but isn't a known config.
2016-07-20 20:45:10.062  WARN 36952 --- [    Test worker] o.a.k.clients.producer.ProducerConfig    : The configuration key.serializer = class org.apache.kafka.common.serialization.ByteArraySerializer was supplied but isn't a known config.
2016-07-20 20:45:10.064  INFO 36952 --- [    Test worker] o.s.c.s.b.k.KafkaMessageChannelBinder$1  : Adding {message-handler:outbound.autos} as a subscriber to the 'output' channel
2016-07-20 20:45:10.065  INFO 36952 --- [    Test worker] o.s.integration.channel.DirectChannel    : Channel 'application:-1.output' has 1 subscriber(s).
2016-07-20 20:45:10.065  INFO 36952 --- [    Test worker] o.s.c.s.b.k.KafkaMessageChannelBinder$1  : started outbound.autos
2016-07-20 20:45:10.065  INFO 36952 --- [    Test worker] o.s.c.support.DefaultLifecycleProcessor  : Starting beans in phase -2147483648
2016-07-20 20:45:10.065  INFO 36952 --- [    Test worker] o.s.c.support.DefaultLifecycleProcessor  : Starting beans in phase -2147482648
2016-07-20 20:45:10.065  INFO 36952 --- [    Test worker] o.s.c.support.DefaultLifecycleProcessor  : Starting beans in phase 0
2016-07-20 20:45:10.067  INFO 36952 --- [    Test worker] o.s.i.endpoint.EventDrivenConsumer       : Adding {logging-channel-adapter:_org.springframework.integration.errorLogger} as a subscriber to the 'errorChannel' channel
2016-07-20 20:45:10.067  INFO 36952 --- [    Test worker] o.s.i.channel.PublishSubscribeChannel    : Channel 'application:-1.errorChannel' has 1 subscriber(s).
2016-07-20 20:45:10.067  INFO 36952 --- [    Test worker] o.s.i.endpoint.EventDrivenConsumer       : started _org.springframework.integration.errorLogger
2016-07-20 20:45:10.067  INFO 36952 --- [    Test worker] o.s.c.support.DefaultLifecycleProcessor  : Starting beans in phase 2147482647
2016-07-20 20:45:10.076  INFO 36952 --- [    Test worker] org.apache.zookeeper.ZooKeeper           : Initiating client connection, connectString=localhost:2181 sessionTimeout=10000 watcher=org.I0Itec.zkclient.ZkClient@3a7c6ff8
2016-07-20 20:45:10.076  INFO 36952 --- [-localhost:2181] org.I0Itec.zkclient.ZkEventThread        : Starting ZkClient event thread.
2016-07-20 20:45:10.077  INFO 36952 --- [localhost:2181)] org.apache.zookeeper.ClientCnxn          : Opening socket connection to server localhost/0:0:0:0:0:0:0:1:2181. Will not attempt to authenticate using SASL (unknown error)
2016-07-20 20:45:10.077  INFO 36952 --- [localhost:2181)] org.apache.zookeeper.ClientCnxn          : Socket connection established to localhost/0:0:0:0:0:0:0:1:2181, initiating session
2016-07-20 20:45:10.080  INFO 36952 --- [localhost:2181)] org.apache.zookeeper.ClientCnxn          : Session establishment complete on server localhost/0:0:0:0:0:0:0:1:2181, sessionid = 0x1560a75239700dd, negotiated timeout = 10000
2016-07-20 20:45:10.080  INFO 36952 --- [ker-EventThread] org.I0Itec.zkclient.ZkClient             : zookeeper state changed (SyncConnected)
2016-07-20 20:45:10.090  INFO 36952 --- [    Test worker] org.apache.zookeeper.ZooKeeper           : Initiating client connection, connectString=localhost:2181 sessionTimeout=6000 watcher=org.I0Itec.zkclient.ZkClient@2e26722b
2016-07-20 20:45:10.090  INFO 36952 --- [-localhost:2181] org.I0Itec.zkclient.ZkEventThread        : Starting ZkClient event thread.
2016-07-20 20:45:10.091  INFO 36952 --- [localhost:2181)] org.apache.zookeeper.ClientCnxn          : Opening socket connection to server localhost/127.0.0.1:2181. Will not attempt to authenticate using SASL (unknown error)
2016-07-20 20:45:10.091  INFO 36952 --- [localhost:2181)] org.apache.zookeeper.ClientCnxn          : Socket connection established to localhost/127.0.0.1:2181, initiating session
2016-07-20 20:45:10.092  INFO 36952 --- [localhost:2181)] org.apache.zookeeper.ClientCnxn          : Session establishment complete on server localhost/127.0.0.1:2181, sessionid = 0x1560a75239700de, negotiated timeout = 6000
2016-07-20 20:45:10.092  INFO 36952 --- [ker-EventThread] org.I0Itec.zkclient.ZkClient             : zookeeper state changed (SyncConnected)
2016-07-20 20:45:10.098  INFO 36952 --- [-localhost:2181] org.I0Itec.zkclient.ZkEventThread        : Terminate ZkClient event thread.
2016-07-20 20:45:10.099  INFO 36952 --- [    Test worker] org.apache.zookeeper.ZooKeeper           : Session: 0x1560a75239700de closed
2016-07-20 20:45:10.099  INFO 36952 --- [ker-EventThread] org.apache.zookeeper.ClientCnxn          : EventThread shut down
2016-07-20 20:45:10.099  INFO 36952 --- [    Test worker] kafka.utils.VerifiableProperties         : Verifying properties
2016-07-20 20:45:10.099  INFO 36952 --- [    Test worker] kafka.utils.VerifiableProperties         : Property client.id is overridden to groupid
2016-07-20 20:45:10.100  INFO 36952 --- [    Test worker] kafka.utils.VerifiableProperties         : Property metadata.broker.list is overridden to 10.0.0.143:9092,10.0.0.143:9093
2016-07-20 20:45:10.100  INFO 36952 --- [    Test worker] kafka.utils.VerifiableProperties         : Property request.timeout.ms is overridden to 10000
2016-07-20 20:45:10.100  INFO 36952 --- [    Test worker] kafka.client.ClientUtils$                : Fetching metadata from broker id:0,host:10.0.0.143,port:9092 with correlation id 0 for 1 topic(s) Set(autos)
2016-07-20 20:45:10.100  INFO 36952 --- [    Test worker] kafka.producer.SyncProducer              : Connected to 10.0.0.143:9092 for producing
2016-07-20 20:45:10.101  INFO 36952 --- [    Test worker] kafka.producer.SyncProducer              : Disconnecting from 10.0.0.143:9092
2016-07-20 20:45:10.102  INFO 36952 --- [-localhost:2181] org.I0Itec.zkclient.ZkEventThread        : Terminate ZkClient event thread.
2016-07-20 20:45:10.103  INFO 36952 --- [    Test worker] org.apache.zookeeper.ZooKeeper           : Session: 0x1560a75239700dd closed
2016-07-20 20:45:10.103  INFO 36952 --- [ker-EventThread] org.apache.zookeeper.ClientCnxn          : EventThread shut down
2016-07-20 20:45:10.108  INFO 36952 --- [    Test worker] org.apache.zookeeper.ZooKeeper           : Initiating client connection, connectString=localhost:2181 sessionTimeout=6000 watcher=org.I0Itec.zkclient.ZkClient@2a459eb9
2016-07-20 20:45:10.108  INFO 36952 --- [-localhost:2181] org.I0Itec.zkclient.ZkEventThread        : Starting ZkClient event thread.
2016-07-20 20:45:10.109  INFO 36952 --- [localhost:2181)] org.apache.zookeeper.ClientCnxn          : Opening socket connection to server localhost/0:0:0:0:0:0:0:1:2181. Will not attempt to authenticate using SASL (unknown error)
2016-07-20 20:45:10.109  INFO 36952 --- [localhost:2181)] org.apache.zookeeper.ClientCnxn          : Socket connection established to localhost/0:0:0:0:0:0:0:1:2181, initiating session
2016-07-20 20:45:10.110  INFO 36952 --- [localhost:2181)] org.apache.zookeeper.ClientCnxn          : Session establishment complete on server localhost/0:0:0:0:0:0:0:1:2181, sessionid = 0x1560a75239700df, negotiated timeout = 6000
2016-07-20 20:45:10.110  INFO 36952 --- [ker-EventThread] org.I0Itec.zkclient.ZkClient             : zookeeper state changed (SyncConnected)
2016-07-20 20:45:10.278  INFO 36952 --- [    Test worker] s.i.k.i.KafkaMessageDrivenChannelAdapter : started org.springframework.integration.kafka.inbound.KafkaMessageDrivenChannelAdapter@1ebc1ddc
2016-07-20 20:45:10.279  INFO 36952 --- [    Test worker] o.s.c.s.b.k.KafkaMessageChannelBinder$7  : Adding {message-handler:inbound.autos.anonymous.79cc3f26-6af7-48e6-acfa-62f2858d69c4} as a subscriber to the 'bridge.autos' channel
2016-07-20 20:45:10.279  INFO 36952 --- [    Test worker] o.s.c.s.b.k.KafkaMessageChannelBinder$7  : started inbound.autos.anonymous.79cc3f26-6af7-48e6-acfa-62f2858d69c4
2016-07-20 20:45:10.280  INFO 36952 --- [    Test worker] o.s.c.support.DefaultLifecycleProcessor  : Starting beans in phase 0
2016-07-20 20:45:10.280  INFO 36952 --- [    Test worker] o.s.c.support.DefaultLifecycleProcessor  : Starting beans in phase 2147482647
2016-07-20 20:45:10.289  INFO 36952 --- [    Test worker] com.example.DemoApplicationTests         : Started DemoApplicationTests in 3.186 seconds (JVM running for 3.766)
]]></system-out>
  <system-err><![CDATA[]]></system-err>
</testsuite>
